 SAVDLY      7/17/19 23:30:10  7/18/19  0:45:31  1:15:21      41781         24          520580    414 ULTRIUM5   552350  *QUAL
 SAVDLY      7/18/19 23:30:17  7/19/19  0:33:22  1:03:05      35786         23           61091     57 ULTRIUM5   552355  *QUAL
 SAVDLY      7/19/19 23:30:11  7/20/19  1:04:52  1:34:41      59609         23          625006    396 ULTRIUM5   552357  *QUAL
 SAVDLY      7/20/19 23:30:11  7/21/19  0:54:46  1:24:35      55757         23          565792    399 ULTRIUM5   552431  *QUAL
 SAVDLY      7/22/19 23:30:11  7/23/19  0:45:48  1:15:37      36931         23          490826    388 ULTRIUM5   552354  *QUAL
 SAVDLY      7/23/19 23:30:10  7/24/19  0:21:46  0:51:36      36745         22           63345     72 ULTRIUM5   552045  *QUAL
 SAVDLY      7/24/19 23:30:13  7/25/19  0:54:22  1:24:09      50885         23          521293    370 ULTRIUM5   552132  *QUAL
 SAVDLY      7/25/19 23:30:11  7/26/19  0:34:00  1:03:49      46352         22           64864     57 ULTRIUM5   552442  *QUAL
 SAVDLY      7/26/19 23:30:12  7/27/19  1:08:52  1:38:40      66261         23          771467    468 ULTRIUM5   552287  *QUAL
 SAVDLY      7/27/19 23:30:05  7/28/19  0:47:56  1:17:51     121701         23          469419    360 ULTRIUM5   552402  *QUAL
 SAVDLY      7/29/19 23:30:09  7/30/19  1:02:43  1:32:34     111226         25          508209    327 ULTRIUM5   550347  *QUAL
 SAVDLY      7/30/19 23:30:09  7/31/19  1:11:18  1:41:09     187291         23          474455    280 ULTRIUM5   552443  *QUAL
 SAVDLY      7/31/19 23:30:09  8/01/19  1:14:37  1:44:28     228783         24          552582    316 ULTRIUM5   552210  *QUAL
 SAVDLY      8/01/19 23:30:10  8/02/19  1:16:27  1:46:17     234726         23          571578    320 ULTRIUM5   552391  *QUAL
 SAVDLY      8/02/19 23:30:11  8/03/19  1:19:32  1:49:21     256324         23          650893    356 ULTRIUM5   552390  *QUAL
 SAVDLY      8/03/19 23:30:09  8/04/19  1:27:25  1:57:16     279635         23          707111    360 ULTRIUM5   552180  *QUAL
 SAVDLY      8/05/19 23:30:10  8/06/19  0:56:50  1:26:40      55677         24          656466    453 ULTRIUM5   551853  *QUAL
 SAVDLY      8/06/19 23:30:09  8/07/19  1:05:05  1:34:56      79383         23          845098    532 ULTRIUM5   552569  *QUAL
 SAVDLY      8/07/19 23:30:12  8/08/19  1:00:43  1:30:31      96871         23          543818    360 ULTRIUM5   552575  *QUAL
 SAVDLY      8/08/19 23:30:10  8/09/19  1:05:52  1:35:42     110491         23          673967    421 ULTRIUM5   552576  *QUAL
 SAVDLY      8/09/19 23:30:11  8/10/19  1:10:46  1:40:35     124006         25          824615    489 ULTRIUM5   552366  *QUAL
 SAVDLY      8/10/19 23:30:11  8/11/19  1:21:15  1:51:04     124056         24          943696    507 ULTRIUM5   552540  *QUAL
 SAVDLY      8/12/19 23:30:10  8/13/19  1:11:40  1:41:30      49211         23          623298    367 ULTRIUM5   552364  *QUAL
 SAVDLY      8/13/19 23:30:12  8/14/19  0:54:05  1:23:53      77699         22          116749     82 ULTRIUM5   552408  *QUAL
 SAVDLY      8/14/19 23:30:10  8/15/19  1:24:03  1:53:53     103451         24          634978    331 ULTRIUM5   552414  *QUAL
 SAVDLY      8/15/19 23:30:11  8/16/19  1:20:26  1:50:15      99139         23          600542    324 ULTRIUM5   552411  *QUAL
 SAVDLY      8/16/19 23:30:11  8/17/19  1:36:53  2:06:42     109075         24          637340    298 ULTRIUM5   552409  *QUAL
 SAVDLY      8/17/19 23:30:12  8/18/19  1:33:28  2:03:16     100912         23          726320    352 ULTRIUM5   552355  *QUAL
 SAVDLY      8/19/19 23:30:15  8/20/19  1:13:41  1:43:26      40301         23          515475    298 ULTRIUM5   552431  *QUAL
 SAVDLY      8/20/19 23:30:12  8/21/19  1:14:04  1:43:52      49007         25          588827    338 ULTRIUM5   552357  *QUAL
 SAVDLY      8/21/19 23:30:10  8/22/19  1:24:06  1:53:56      51751         25          660751    345 ULTRIUM5   552354  *QUAL
 SAVDLY      8/22/19 23:30:12  8/23/19  1:25:29  1:55:17      62164         25          647007    334 ULTRIUM5   552045  *QUAL
 SAVDLY      8/23/19 23:30:12  8/24/19  1:29:38  1:59:26      65134         25          667855    334 ULTRIUM5   552132  *QUAL
 SAVDLY      8/24/19 23:30:07  8/25/19  1:25:33  1:55:26      55733         25          764700    396 ULTRIUM5   552442  *QUAL
 SAVDLY      8/26/19 23:30:10  8/27/19  1:10:14  1:40:04      36063         25          599109    356 ULTRIUM5   551155  *QUAL
 SAVDLY      8/27/19 23:30:13  8/28/19  1:18:10  1:47:57      60342         23          672519    370 ULTRIUM5   552424  *QUAL
 SAVDLY      8/28/19 23:30:11  8/29/19  1:20:17  1:50:06      67865         23          683921    370 ULTRIUM5   552402  *QUAL
 SAVDLY      8/29/19 23:30:13  8/30/19  1:24:29  1:54:16      67824         23          657810    342 ULTRIUM5   550347  *QUAL
 SAVDLY      8/30/19 23:30:11  8/31/19  1:18:11  1:48:00      69404         23          693416    385 ULTRIUM5   552210  *QUAL
 SAVDLY      8/31/19 23:30:13  9/01/19  1:15:33  1:45:20      68257         23          680707    385 ULTRIUM5   552391  *QUAL
 SAVDLY      9/02/19 23:30:11  9/03/19  1:02:13  1:32:02      37916         23          517203    334 ULTRIUM5   552180  *QUAL
 SAVDLY      9/03/19 23:30:14  9/04/19  1:16:47  1:46:33      44911         23          555804    309 ULTRIUM5   552577  *QUAL
 SAVDLY      9/04/19 23:30:13  9/05/19  1:21:00  1:50:47      53049         23          706724    381 ULTRIUM5   552583  *QUAL
 SAVDLY      9/05/19 23:30:11  9/06/19  1:31:06  2:00:55      57496         25          747271    370 ULTRIUM5   551853  *QUAL
 SAVDLY      9/06/19 23:30:09  9/07/19  1:22:59  1:52:50      66444         25          801074    424 ULTRIUM5   552575  *QUAL
 SAVDLY      9/07/19 23:30:12  9/08/19  1:16:00  1:45:48      65176         23          620293    349 ULTRIUM5   552576  *QUAL
 SAVDLY      9/09/19 23:30:11  9/10/19  1:12:40  1:42:29      33804         24          629605    367 ULTRIUM5   552478  *QUAL
 SAVDLY      9/10/19 23:30:11  9/11/19  1:10:22  1:40:11      39901         23          703516    421 ULTRIUM5   552412  *QUAL
 SAVDLY      9/11/19 23:30:06  9/12/19  1:09:18  1:39:12      46760         23          582000    349 ULTRIUM5   552364  *QUAL
 SAVDLY      9/12/19 23:30:15  9/13/19  1:15:51  1:45:36      51325         23          667621    378 ULTRIUM5   552408  *QUAL
 SAVDLY      9/13/19 23:30:14  9/14/19  1:11:06  1:40:52      49587         23          711974    421 ULTRIUM5   552414  *QUAL
 SAVDLY      9/14/19 23:30:07  9/15/19  0:53:20  1:23:13      50674         23          791898    568 ULTRIUM5   551488  *QUAL
 SAVDLY      9/16/19 23:30:09  9/17/19  0:45:35  1:15:26      32771         23          563452    446 ULTRIUM5   552409  *QUAL
 SAVDLY      9/17/19 23:30:13  9/18/19  0:43:09  1:12:56      38511         23          574675    471 ULTRIUM5   552355  *QUAL
 SAVDLY      9/18/19 23:30:15  9/19/19  0:45:20  1:15:05      41389         23          666070    529 ULTRIUM5   552350  *QUAL
 SAVDLY      9/19/19 23:30:09  9/20/19  0:47:14  1:17:05      44237         23          592109    460 ULTRIUM5   552357  *QUAL
 SAVDLY      9/20/19 23:30:12  9/21/19  0:42:38  1:12:26      52952         23          487590    403 ULTRIUM5   552431  *QUAL
 SAVDLY      9/21/19 23:30:13  9/22/19  0:56:29  1:26:16      49245         23          652897    453 ULTRIUM5   552354  *QUAL
 SAVDLY      9/23/19 23:30:08  9/24/19  0:48:32  1:18:24      38624         24          565809    432 ULTRIUM5   552132  *QUAL
 SAVDLY      9/24/19 23:30:10  9/25/19  0:43:41  1:13:31      48139         23          613581    500 ULTRIUM5   552442  *QUAL
 SAVDLY      9/25/19 23:30:14  9/26/19  0:49:05  1:18:51      50827         23          612387    464 ULTRIUM5   551155  *QUAL
 SAVDLY      9/26/19 23:30:12  9/27/19  0:47:52  1:17:40      55415         23          611543    471 ULTRIUM5   552424  *QUAL
 SAVDLY      9/27/19 23:54:25  9/28/19  1:15:56  1:21:31      65786         23          621635    457 ULTRIUM5   552402  *QUAL
 SAVDLY      9/28/19 23:30:05  9/29/19  0:50:12  1:20:07      69413         23          656369    489 ULTRIUM5   550347  *QUAL
 SAVDLY      9/30/19 23:30:12 10/01/19  0:40:42  1:10:30      34998         23          570260    482 ULTRIUM5   552391  *QUAL
 SAVDLY     10/01/19 23:30:09 10/02/19  0:48:28  1:18:19      40805         23          597871    457 ULTRIUM5   552605  *QUAL
 SAVDLY     10/02/19 23:30:09 10/03/19  0:47:24  1:17:15      45709         24          590176    457 ULTRIUM5   552390  *QUAL
 SAVDLY     10/03/19 23:30:19 10/04/19  0:56:17  1:25:58      52805         23          616849    428 ULTRIUM5   552180  *QUAL
 SAVDLY     10/04/19 23:30:17 10/05/19  0:55:28  1:25:11      55603         23          672487    471 ULTRIUM5   552583  *QUAL
 SAVDLY     10/05/19 23:30:09 10/06/19  0:49:10  1:19:01      49810         23          666409    504 ULTRIUM5   551853  *QUAL
 SAVDLY     10/07/19 23:30:14 10/08/19  0:30:35  1:00:21      30838         23          506870    500 ULTRIUM5   552576  *QUAL
 SAVDLY     10/08/19 23:30:24 10/09/19  0:46:07  1:15:43      38241         24          592479    468 ULTRIUM5   552618  *QUAL
 SAVDLY     10/09/19 23:30:12 10/10/19  0:49:35  1:19:23      43838         23          605771    457 ULTRIUM5   552478  *QUAL
 SAVDLY     10/10/19 23:30:15 10/11/19  0:42:35  1:12:20      49347         23          598181    493 ULTRIUM5   552626  *QUAL
 SAVDLY     10/11/19 23:30:11 10/12/19  0:39:19  1:09:08      52264         24          489128    421 ULTRIUM5   552412  *QUAL
 SAVDLY     10/12/19 23:30:08 10/13/19  0:33:49  1:03:41      51321         23          487996    457 ULTRIUM5   552364  *QUAL
 SAVDLY     10/14/19 23:30:09 10/15/19  0:48:23  1:18:14      84389         26          603334    460 ULTRIUM5   552542  *QUAL
 SAVDLY     10/15/19 23:30:10 10/16/19  0:49:30  1:19:20      96907         26          587161    442 ULTRIUM5   551488  *QUAL
 SAVDLY     10/16/19 23:30:09 10/17/19  0:50:57  1:20:48     100407         25          637274    471 ULTRIUM5   552409  *QUAL
 SAVDLY     10/17/19 23:30:09 10/18/19  0:57:18  1:27:09     102582         25          681632    468 ULTRIUM5   552355  *QUAL
 SAVDLY     10/18/19 23:30:09 10/19/19  1:00:49  1:30:40     113975         25          667978    439 ULTRIUM5   552350  *QUAL
 SAVDLY     10/19/19 23:30:09 10/20/19  0:53:32  1:23:23     112628         25          639009    457 ULTRIUM5   552357  *QUAL
 SAVDLY     10/21/19 23:30:17 10/22/19  0:44:41  1:14:24      28323         26          603229    486 ULTRIUM5   552354  *QUAL
 SAVDLY     10/22/19 23:30:09 10/23/19  0:51:34  1:21:25      39897         25          628307    460 ULTRIUM5   552045  *QUAL
 SAVDLY     10/23/19 23:30:11 10/24/19  0:56:00  1:25:49      53068         25          619775    432 ULTRIUM5   552132  *QUAL
 SAVDLY     10/24/19 23:30:11 10/25/19  0:55:42  1:25:31      56892         25          660214    460 ULTRIUM5   552442  *QUAL
 SAVDLY     10/25/19 23:30:10 10/26/19  0:54:23  1:24:13      57122         26          667436    475 ULTRIUM5   551155  *QUAL
 SAVDLY     10/26/19 23:30:10 10/27/19  0:58:25  1:28:15      71988         25          679930    460 ULTRIUM5   552424  *QUAL
 SAVDLY     10/28/19 23:30:09 10/29/19  0:43:16  1:13:07      23808         25          598750    489 ULTRIUM5   552210  *QUAL
 SAVDLY     10/29/19 23:30:09 10/30/19  0:48:24  1:18:15      32191         25          630871    482 ULTRIUM5   550347  *QUAL
 SAVDLY     10/30/19 23:30:10 10/31/19  0:45:48  1:15:38      39715         26          629808    496 ULTRIUM5   552391  *QUAL
 SAVDLY     10/31/19 23:30:15 11/01/19  0:55:07  1:24:52      63344         25          618715    435 ULTRIUM5   552605  *QUAL
 SAVDLY     11/01/19 23:30:42 11/02/19  0:55:40  1:24:58      71950         25          616874    435 ULTRIUM5   552390  *QUAL
 SAVDLY     11/02/19 23:30:13 11/03/19  0:58:35  1:28:22      74546         25          710168    478 ULTRIUM5   552180  *QUAL
 SAVDLY     11/04/19 23:30:04 11/05/19  1:01:06  1:31:02      91022         25          957964    630 ULTRIUM5   552583  *QUAL
 SAVDLY     11/05/19 23:30:04 11/06/19  1:01:02  1:30:58     112996         25          887151    583 ULTRIUM5   551853  *QUAL
 SAVDLY     11/06/19 23:30:05 11/07/19  1:03:08  1:33:03     116651         25          946502    608 ULTRIUM5   552576  *QUAL
 SAVDLY     11/07/19 23:30:04 11/08/19  0:49:38  1:19:34     146859         26          643106    482 ULTRIUM5   552618  *QUAL
 SAVDLY     11/08/19 23:30:03 11/09/19  0:52:10  1:22:07     198588         25          748140    543 ULTRIUM5   552478  *QUAL
 SAVDLY     11/09/19 23:30:03 11/10/19  0:47:22  1:17:19     230356         25          652590    504 ULTRIUM5   552626  *QUAL
 SAVDLY     11/11/19 23:30:04 11/12/19  0:25:59  0:55:55      44498         25          379441    406 ULTRIUM5   552364  *QUAL
 SAVDLY     11/12/19 23:30:04 11/13/19  0:54:08  1:24:04      92195         26          693958    493 ULTRIUM5   552414  *QUAL
 SAVDLY     11/13/19 23:30:06 11/14/19  1:00:25  1:30:19     109435         26          759768    504 ULTRIUM5   552408  *QUAL
 SAVDLY     11/14/19 23:30:03 11/15/19  1:03:01  1:32:58     119023         25          752971    482 ULTRIUM5   552685  *QUAL
 SAVDLY     11/15/19 23:30:05 11/16/19  0:50:57  1:20:52     136672         25          685104    507 ULTRIUM5   552542  *QUAL
 SAVDLY     11/16/19 23:30:05 11/17/19  1:03:09  1:33:04     147665         25          871964    561 ULTRIUM5   551488  *QUAL
 SAVDLY     11/18/19 23:30:04 11/19/19  0:43:22  1:13:18      36982         25          578491    471 ULTRIUM5   552355  *QUAL
 SAVDLY     11/19/19 23:30:05 11/20/19  0:50:11  1:20:06      47218         25          661097    493 ULTRIUM5   552350  *QUAL
 SAVDLY     11/20/19 23:30:04 11/21/19  1:17:25  1:47:21      53286         25          595576    331 ULTRIUM5   552431  *QUAL
 SAVDLY     11/21/19 23:30:03 11/22/19  0:51:00  1:20:57      65335         26          577879    424 ULTRIUM5   552357  *QUAL
 SAVDLY     11/22/19 23:30:04 11/23/19  0:54:03  1:23:59      72154         25          719374    511 ULTRIUM5   552354  *QUAL
 SAVDLY     11/23/19 23:30:03 11/24/19  0:53:11  1:23:08      64587         25          679974    489 ULTRIUM5   552045  *QUAL
 SAVDLY     11/25/19 23:30:04 11/26/19  0:44:16  1:14:12      50389         25          600188    482 ULTRIUM5   552442  *QUAL
 SAVDLY     11/26/19 23:30:03 11/27/19  0:47:54  1:17:51      67560         25          645725    496 ULTRIUM5   551155  *QUAL
 SAVDLY     11/27/19 23:30:05 11/28/19  0:50:53  1:20:48      80284         25          666985    493 ULTRIUM5   552424  *QUAL
 SAVDLY     11/28/19 23:30:04 11/29/19  0:51:43  1:21:39      86453         25          690522    504 ULTRIUM5   552402  *QUAL
 SAVDLY     11/29/19 23:30:02 11/30/19  0:52:57  1:22:55      95870         25          711168    511 ULTRIUM5   552210  *QUAL
 SAVDLY     11/30/19 23:30:04 12/01/19  0:52:06  1:22:02      91887         25          649206    471 ULTRIUM5   552391  *QUAL
 SAVDLY     12/02/19 23:30:03 12/03/19  0:44:23  1:14:20      74804         25          572434    460 ULTRIUM5   552390  *QUAL
 SAVDLY     12/03/19 23:30:04 12/04/19  0:46:50  1:16:46      88018         25          572176    446 ULTRIUM5   552180  *QUAL
 SAVDLY     12/04/19 23:30:04 12/05/19  0:58:53  1:28:49     100551         25          939525    633 ULTRIUM5   552583  *QUAL
 SAVDLY     12/05/19 23:30:05 12/06/19  1:03:03  1:32:58     113077         25         1018220    655 ULTRIUM5   551853  *QUAL
 SAVDLY     12/06/19 23:30:04 12/07/19  1:00:34  1:30:30     125393         25          812187    536 ULTRIUM5   552576  *QUAL
 SAVDLY     12/07/19 23:30:04 12/08/19  0:51:00  1:20:56     122093         25          642102    475 ULTRIUM5   552618  *QUAL
 SAVDLY     12/09/19 23:30:04 12/10/19  0:43:50  1:13:46      36991         25          625047    507 ULTRIUM5   552626  *QUAL
 SAVDLY     12/10/19 23:30:03 12/11/19  0:54:28  1:24:25      56011         25          667890    471 ULTRIUM5   552707  *QUAL
 SAVDLY     12/11/19 23:30:03 12/12/19  0:52:21  1:22:18      62035         25          649968    471 ULTRIUM5   552364  *QUAL
 SAVDLY     12/12/19 23:30:04 12/13/19  0:54:36  1:24:32      64583         25          737396    522 ULTRIUM5   552414  *QUAL
 SAVDLY     12/13/19 23:30:04 12/14/19  0:56:58  1:26:54      83799         25          768261    529 ULTRIUM5   552408  *QUAL
 SAVDLY     12/14/19 23:30:04 12/15/19  0:57:29  1:27:25      82806         26          850239    583 ULTRIUM5   552685  *QUAL
 SAVDLY     12/16/19 23:30:04 12/17/19  0:50:00  1:19:56      46373         25          699307    522 ULTRIUM5   551488  *QUAL
 SAVDLY     12/17/19 23:30:04 12/18/19  1:01:15  1:31:11      86840         25          790578    518 ULTRIUM5   552409  *QUAL
 SAVDLY     12/18/19 23:30:04 12/19/19  0:59:17  1:29:13     103898         25          720152    482 ULTRIUM5   552355  *QUAL
 SAVDLY     12/19/19 23:30:06 12/20/19  1:01:04  1:30:58     105210         26          742644    489 ULTRIUM5   552350  *QUAL
 SAVDLY     12/20/19 23:30:04 12/21/19  0:56:58  1:26:54      98636         25          803097    554 ULTRIUM5   552379  *QUAL
 SAVDLY     12/21/19 23:30:03 12/22/19  1:01:34  1:31:31      84246         25          843064    550 ULTRIUM5   552431  *QUAL
 SAVDLY     12/23/19 23:30:04 12/24/19  0:45:44  1:15:40      57403         27          709849    561 ULTRIUM5   552045  *QUAL
 SAVDLY     12/24/19 23:30:04 12/25/19  0:50:53  1:20:49      69729         26          702614    518 ULTRIUM5   552132  *QUAL
 SAVDLY     12/25/19 23:30:03 12/26/19  0:49:29  1:19:26      53680         26          680684    511 ULTRIUM5   552442  *QUAL
 SAVDLY     12/26/19 23:30:03 12/27/19  0:48:02  1:17:59      52285         26          587228    450 ULTRIUM5   551155  *QUAL
 SAVDLY     12/27/19 23:30:04 12/28/19  0:52:41  1:22:37      66543         26          684843    496 ULTRIUM5   552424  *QUAL
 SAVDLY     12/28/19 23:30:04 12/29/19  0:59:21  1:29:17      78326         26          761322    511 ULTRIUM5   552402  *QUAL
 SAVDLY     12/30/19 23:30:04 12/31/19  0:48:24  1:18:20      40195         26          719761    550 ULTRIUM5   552391  *QUAL
 SAVDLY     12/31/19 23:30:04  1/01/20  0:57:22  1:27:18      47740         27          728699    500 ULTRIUM5   552605  *QUAL
 SAVDLY      1/01/20 23:30:05  1/02/20  0:52:36  1:22:31      46960         25          749872    543 ULTRIUM5   552390  *QUAL
 SAVDLY      1/02/20 23:30:04  1/03/20  0:52:11  1:22:07      60212         25          761357    554 ULTRIUM5   552180  *QUAL
 SAVDLY      1/03/20 23:30:06  1/04/20  0:59:46  1:29:40      70878         25          786248    525 ULTRIUM5   552583  *QUAL
 SAVDLY      1/04/20 23:30:04  1/05/20  0:51:35  1:21:31      67322         25          706119    518 ULTRIUM5   551853  *QUAL
 SAVDLY      1/06/20 23:30:04  1/07/20  0:43:14  1:13:10      42735         25          548381    446 ULTRIUM5   552618  *QUAL
 SAVDLY      1/07/20 23:30:04  1/08/20  0:52:06  1:22:02      55769         26          695144    507 ULTRIUM5   552755  *QUAL
 SAVDLY      1/08/20 23:30:04  1/09/20  0:51:14  1:21:10      62392         26          681345    500 ULTRIUM5   552626  *QUAL
 SAVDLY      1/09/20 23:30:04  1/10/20  0:52:32  1:22:28      62757         26          695925    504 ULTRIUM5   552707  *QUAL
 SAVDLY      1/10/20 23:30:04  1/11/20  0:58:52  1:28:48      70909         26          740424    496 ULTRIUM5   552364  *QUAL
 SAVDLY      1/11/20 23:30:05  1/12/20  0:59:47  1:29:42      72444         26          728014    486 ULTRIUM5   552414  *QUAL
 SAVDLY      1/13/20 23:30:05  1/14/20  0:53:06  1:23:01      62274         25          661162    475 ULTRIUM5   552685  *QUAL
 SAVDLY      1/14/20 23:30:04  1/15/20  0:54:57  1:24:53      82570         25          688816    486 ULTRIUM5   552542  *QUAL
 SAVDLY      1/15/20 23:30:04  1/16/20  0:58:16  1:28:12      89359         25          731132    496 ULTRIUM5   551488  *QUAL
 SAVDLY      1/16/20 23:30:04  1/17/20  0:56:32  1:26:28      88408         25          721274    500 ULTRIUM5   552409  *QUAL
 SAVDLY      1/17/20 23:30:04  1/18/20  1:43:06  2:13:02     212681         28          867417    388 ULTRIUM5   552355  *QUAL
 SAVDLY      1/18/20 23:30:03  1/19/20  2:17:41  2:47:38     248436         26          907899    324 ULTRIUM5   552350  *QUAL
 SAVDLY      1/20/20 23:30:05  1/21/20  0:32:20  1:02:15      31225         24          154041    147 ULTRIUM5   552431  *QUAL
 SAVDLY      1/21/20 23:30:04  1/22/20  1:25:28  1:55:24      62387        119          684893    352 ULTRIUM5   552357  *QUAL
 SAVDLY      1/22/20 23:30:04  1/23/20  1:17:46  1:47:42      74065        119          795277    442 ULTRIUM5   552045  *QUAL
 SAVDLY      1/23/20 23:30:04  1/24/20  0:51:29  1:21:25      72466        116          164962    118 ULTRIUM5   552132  *QUAL
 SAVDLY      1/24/20 23:30:04  1/25/20  2:09:17  2:39:13     118288        120          863481    324 ULTRIUM5   552442  *QUAL
 SAVDLY      1/25/20 23:30:04  1/26/20  2:01:22  2:31:18     117988        120          792945    313 ULTRIUM5   551155  *QUAL
 SAVDLY      1/27/20 23:30:04  1/28/20  0:59:49  1:29:45      28016         27          629686    417 ULTRIUM5   552402  *QUAL
 SAVDLY      1/28/20 23:30:07  1/29/20  1:27:00  1:56:53      31175         27         1075327    550 ULTRIUM5   552210  *QUAL
 SAVDLY      1/29/20 23:30:03  1/30/20  0:40:01  1:09:58      33267         25           96818     82 ULTRIUM5   552391  *QUAL
 SAVDLY      1/30/20 23:30:04  1/31/20  0:38:02  1:07:58      38253         25           96140     82 ULTRIUM5   552605  *QUAL
 SAVDLY      1/31/20 23:30:04  2/01/20  0:37:10  1:07:06      45520         28           95754     82 ULTRIUM5   552390  *QUAL
 SAVDLY      2/01/20 23:30:04  2/02/20  1:22:29  1:52:25      55606         31          970533    514 ULTRIUM5   552785  *QUAL
 SAVDLY      2/03/20 23:30:06  2/04/20  0:44:25  1:14:19      29327         27           95585     75 ULTRIUM5   552583  *QUAL
 SAVDLY      2/04/20 23:30:05  2/05/20  1:12:14  1:42:09      50655         30          886339    518 ULTRIUM5   551853  *QUAL
 SAVDLY      2/05/20 23:30:05  2/06/20  1:16:00  1:45:55      55544         28          903483    511 ULTRIUM5   552618  *QUAL
 SAVDLY      2/06/20 23:30:04  2/07/20  1:12:22  1:42:18      58022         28          855213    500 ULTRIUM5   552755  *QUAL
 SAVDLY      2/07/20 23:30:04  2/08/20  1:23:27  1:53:23      67934         28          993695    525 ULTRIUM5   552626  *QUAL
 SAVDLY      2/08/20 23:30:04  2/09/20  1:26:20  1:56:16      74597         30          868712    446 ULTRIUM5   552707  *QUAL
 SAVDLY      2/10/20 23:30:04  2/11/20  1:10:39  1:40:35      35931         28          810009    482 ULTRIUM5   552414  *QUAL
 SAVDLY      2/11/20 23:30:05  2/12/20  1:19:57  1:49:52      46382         27          954245    518 ULTRIUM5   552408  *QUAL
 SAVDLY      2/12/20 23:30:04  2/13/20  1:14:48  1:44:44      52478         26          934163    532 ULTRIUM5   552685  *QUAL
 SAVDLY      2/13/20 23:30:04  2/14/20  1:13:14  1:43:10      76659         26          805566    468 ULTRIUM5   552542  *QUAL
 SAVDLY      2/14/20 23:30:04  2/15/20  0:44:50  1:14:46      67793         24          121264     97 ULTRIUM5   551488  *QUAL
 SAVDLY      2/15/20 23:30:04  2/16/20  1:26:08  1:56:04     143696         29          972344    500 ULTRIUM5   552409  *QUAL
 SAVDLY      2/17/20 23:30:04  2/18/20  0:37:40  1:07:36      35430         24          124327    108 ULTRIUM5   552350  *QUAL
 SAVDLY      2/18/20 23:30:02  2/19/20  0:36:31  1:06:29      41620         24          108806     97 ULTRIUM5   552379  *QUAL
 SAVDLY      2/19/20 23:30:02  2/20/20  1:26:10  1:56:08      57045         27         1185156    612 ULTRIUM5   552005  *QUAL
 SAVDLY      2/20/20 23:30:03  2/21/20  1:15:58  1:45:55      68814         27          807627    457 ULTRIUM5   552431  *QUAL
 SAVDLY      2/21/20 23:30:02  2/22/20  1:19:04  1:49:02      76018         28          863952    475 ULTRIUM5   552045  *QUAL
 SAVDLY      2/22/20 23:30:05  2/23/20  1:31:11  2:01:06      74699         28         1028506    507 ULTRIUM5   552132  *QUAL
 SAVDLY      2/24/20 23:30:05  2/25/20  0:40:02  1:09:57      32604         24          129041    108 ULTRIUM5   551155  *QUAL
 SAVDLY      2/25/20 23:30:04  2/26/20  1:14:07  1:44:03      69881         25          853684    489 ULTRIUM5   552424  *QUAL
 SAVDLY      2/26/20 23:30:04  2/27/20  1:04:58  1:34:54      79471         25          738608    464 ULTRIUM5   552402  *QUAL
 SAVDLY      2/27/20 23:30:05  2/28/20  0:49:39  1:19:34      64931         24          125253     93 ULTRIUM5   552210  *QUAL
 SAVDLY      2/28/20 23:30:04  2/29/20  1:28:13  1:58:09     161872         27          876623    442 ULTRIUM5   552391  *QUAL
 SAVDLY      2/29/20 23:30:04  3/01/20  1:25:47  1:55:43     164225         28          905584    468 ULTRIUM5   552605  *QUAL
 SAVDLY      3/02/20 23:30:04  3/03/20  1:06:07  1:36:03      49924         26          671037    417 ULTRIUM5   552785  *QUAL
 SAVDLY      3/03/20 23:30:02  3/04/20  1:33:39  2:03:37      63667         28          834774    403 ULTRIUM5   552737  *QUAL
 SAVDLY      3/04/20 23:30:04  3/05/20  1:11:49  1:41:45      76626         26          662627    388 ULTRIUM5   552583  *QUAL
 SAVDLY      3/05/20 23:30:05  3/06/20  1:15:36  1:45:31      87048         26          745565    421 ULTRIUM5   551853  *QUAL
 SAVDLY      3/06/20 23:30:04  3/07/20  1:11:32  1:41:28      96210         28          668304    392 ULTRIUM5   552618  *QUAL
 SAVDLY      3/07/20 23:30:06  3/08/20  1:18:32  1:48:26      93394         28          806572    442 ULTRIUM5   552755  *QUAL
 SAVDLY      3/09/20 23:30:04  3/10/20  1:02:08  1:32:04      51056         26          552515    360 ULTRIUM5   552830  *QUAL
 SAVDLY      3/11/20  0:39:42  3/11/20  2:14:44  1:35:02      65205         26          654018    410 ULTRIUM5   552707  *QUAL
 SAVDLY      3/11/20 23:30:02  3/12/20  1:11:18  1:41:16      67245         28          725724    428 ULTRIUM5   551845  *QUAL
 SAVDLY      3/12/20 23:30:05  3/13/20  1:17:54  1:47:49      70523         28          755274    417 ULTRIUM5   552364  *QUAL
 SAVDLY      3/13/20 23:30:04  3/14/20  1:20:37  1:50:33      74216         28          782303    421 ULTRIUM5   552414  *QUAL
 SAVDLY      3/14/20 23:30:02  3/15/20  1:18:05  1:48:03      74659         28          739510    410 ULTRIUM5   552408  *QUAL
 SAVDLY      3/16/20 23:30:04  3/17/20  1:09:45  1:39:41      45231         26          710830    424 ULTRIUM5   551488  *QUAL
 SAVDLY      3/17/20 23:30:05  3/18/20  0:49:33  1:19:28      73020         24          299705    223 ULTRIUM5   552409  *QUAL
 SAVDLY      3/18/20 23:30:02  3/19/20  0:58:02  1:28:00     126933         24          121364     79 ULTRIUM5   552355  *QUAL
 SAVDLY      3/19/20 23:30:03  3/20/20  1:17:40  1:47:37     144427         28          749950    417 ULTRIUM5   552350  *QUAL
 SAVDLY      3/20/20 23:30:03  3/21/20  1:21:44  1:51:41     154532         28          787996    421 ULTRIUM5   552379  *QUAL
 SAVDLY      3/21/20 23:30:01  3/22/20  1:16:59  1:46:58     158102         28          813228    453 ULTRIUM5   552005  *QUAL
 SAVDLY      3/23/20 23:30:03  3/24/20  1:06:04  1:36:01      41144         26          656697    406 ULTRIUM5   552034  *QUAL
 SAVDLY      3/24/20 23:30:02  3/25/20  1:12:43  1:42:41      53534         27          664923    385 ULTRIUM5   550999  *QUAL
 SAVDLY      3/26/20  0:55:22  3/26/20  2:31:08  1:35:46      62887         26          684953    428 ULTRIUM5   552843  *QUAL
 SAVDLY      3/26/20 23:30:05  3/27/20  1:10:28  1:40:23      64048         26          691991    410 ULTRIUM5   552132  *QUAL
 SAVDLY      3/27/20 23:30:04  3/28/20  1:34:25  2:04:21      64693         27          747991    360 ULTRIUM5   552442  *QUAL
 SAVDLY      3/28/20 23:30:04  3/29/20  1:11:51  1:41:47      68296         26          728041    428 ULTRIUM5   551155  *QUAL
 SAVDLY      3/30/20 23:30:04  3/31/20  0:37:26  1:07:22      29484         24          149234    129 ULTRIUM5   552402  *QUAL
 SAVDLY      3/31/20 23:30:03  4/01/20  1:05:24  1:35:21      39935         27          562518    352 ULTRIUM5   552210  *QUAL
 SAVDLY      4/01/20 23:30:04  4/02/20  1:10:09  1:40:05      43488         26          677024    403 ULTRIUM5   552391  *QUAL
 SAVDLY      4/02/20 23:30:05  4/03/20  1:18:48  1:48:43      48881         28          673789    370 ULTRIUM5   552605  *QUAL
 SAVDLY      4/03/20 23:30:05  4/04/20  1:20:37  1:50:32      50563         28          680287    367 ULTRIUM5   552785  *QUAL
 SAVDLY      4/04/20 23:30:06  4/05/20  1:11:19  1:41:13      49474         26          723605    428 ULTRIUM5   552737  *QUAL
 SAVDLY      4/06/20 23:30:05  4/07/20  0:39:03  1:08:58      33253         24          119542    100 ULTRIUM5   552618  *QUAL
 SAVDLY      4/07/20 23:30:01  4/08/20  1:02:42  1:32:41      40292         25          577877    370 ULTRIUM5   551853  *QUAL
 SAVDLY      4/08/20 23:30:05  4/09/20  1:09:32  1:39:27      48133         26          666777    399 ULTRIUM5   552830  *QUAL
 SAVDLY      4/09/20 23:30:04  4/10/20  1:07:37  1:37:33      52325         27          655538    403 ULTRIUM5   552755  *QUAL
 SAVDLY      4/10/20 23:30:04  4/11/20  1:18:38  1:48:34      56622         27          723070    399 ULTRIUM5   552707  *QUAL
 SAVDLY      4/11/20 23:30:03  4/12/20  1:16:38  1:46:35      72329         28          789000    442 ULTRIUM5   551845  *QUAL
 SAVDLY      4/13/20 23:30:02  4/14/20  0:55:12  1:25:10      29377         25          645246    453 ULTRIUM5   552364  *QUAL
 SAVDLY      4/14/20 23:30:03  4/15/20  1:09:59  1:39:56      55657         26          738016    442 ULTRIUM5   552408  *QUAL
 SAVDLY      4/15/20 23:30:04  4/16/20  0:43:52  1:13:48      62776         24          167253    133 ULTRIUM5   551488  *QUAL
 SAVDLY      4/16/20 23:30:04  4/17/20  1:25:02  1:54:58      84444         28          887517    460 ULTRIUM5   552542  *QUAL
 SAVDLY      4/17/20 23:30:05  4/18/20  0:45:32  1:15:27      83688         24          147341    115 ULTRIUM5   552409  *QUAL
 SAVDLY      4/18/20 23:30:03  4/19/20  1:22:24  1:52:21     130977         27          779162    414 ULTRIUM5   552350  *QUAL
 SAVDLY      4/20/20 23:30:04  4/21/20  1:02:14  1:32:10      52722         22          735809    478 ULTRIUM5   552005  *QUAL
 SAVDLY      4/21/20 23:30:05  4/22/20  1:16:34  1:46:29     116031         23         1090376    612 ULTRIUM5   552045  *QUAL
 SAVDLY      4/22/20 23:30:02  4/23/20  1:10:09  1:40:07     137795         25          745855    446 ULTRIUM5   552034  *QUAL
 SAVDLY      4/23/20 23:30:04  4/24/20  1:09:39  1:39:35     139590         80          720305    432 ULTRIUM5   550999  *QUAL
 SAVDLY      4/24/20 23:30:05  4/25/20  1:12:10  1:42:05     141889         80          725870    424 ULTRIUM5   552843  *QUAL
 SAVDLY      4/25/20 23:30:02  4/26/20  1:14:36  1:44:34     174161         80          767736    439 ULTRIUM5   552132  *QUAL
 SAVDLY      4/27/20 23:30:03  4/28/20  0:55:28  1:25:25      45560         26          597873    417 ULTRIUM5   552748  *QUAL
 SAVDLY      4/28/20 23:30:03  4/29/20  1:01:11  1:31:08      72187         26          536466    352 ULTRIUM5   552442  *QUAL
 SAVDLY      4/29/20 23:30:02  4/30/20  0:53:46  1:23:44      89477         24          182085    129 ULTRIUM5   551155  *QUAL
 SAVDLY      4/30/20 23:30:04  5/01/20  1:35:42  2:05:38     165665         26         1320773    630 ULTRIUM5   552424  *QUAL
 SAVDLY      5/01/20 23:30:04  5/02/20  1:27:19  1:57:15     198538         26          938441    478 ULTRIUM5   552402  *QUAL
 SAVDLY      5/02/20 23:30:04  5/03/20  1:21:13  1:51:09     200095         28          885730    475 ULTRIUM5   552210  *QUAL
 SAVDLY      5/04/20 23:30:03  5/05/20  1:15:02  1:44:59      69551         28          805178    457 ULTRIUM5   552737  *QUAL
 SAVDLY      5/05/20 23:30:04  5/06/20  1:06:56  1:36:52      72911         26          602604    370 ULTRIUM5   552163  *QUAL
 SAVDLY      5/06/20 23:30:03  5/07/20  1:11:54  1:41:51      75609         30          687106    403 ULTRIUM5   552618  *QUAL
 SAVDLY      5/07/20 23:30:02  5/08/20  0:46:30  1:16:28     118719         26          105768     82 ULTRIUM5   551853  *QUAL
 SAVDLY      5/08/20 23:30:02  5/09/20  1:17:03  1:47:01     125870         30          810455    453 ULTRIUM5   552830  *QUAL
 SAVDLY      5/09/20 23:30:02  5/10/20  1:23:52  1:53:50     140954         28          828419    435 ULTRIUM5   552144  *QUAL
 SAVDLY      5/11/20 23:30:04  5/12/20  1:22:34  1:52:30      39004         26          902560    478 ULTRIUM5   552145  *QUAL
 SAVDLY      5/12/20 23:30:04  5/13/20  1:25:10  1:55:06      53342         26          945074    489 ULTRIUM5   552755  *QUAL
 SAVDLY      5/13/20 23:30:04  5/14/20  1:41:57  2:11:53      69737         26          936866    424 ULTRIUM5   552414  *QUAL
 SAVDLY      5/14/20 23:30:05  5/15/20  0:55:38  1:25:33      62486         24          259845    180 ULTRIUM5   551845  *QUAL
 SAVDLY      5/15/20 23:30:06  5/16/20  0:48:20  1:18:14      69178         24          151012    115 ULTRIUM5   552364  *QUAL
 SAVDLY      5/16/20 23:30:04  5/17/20  1:34:20  2:04:16     162988         26          834421    399 ULTRIUM5   552408  *QUAL
 SAVDLY      5/18/20 23:30:05  5/19/20  1:10:33  1:40:28      49436         27          676090    403 ULTRIUM5   552542  *QUAL
 SAVDLY      5/19/20 23:30:05  5/20/20  0:45:47  1:15:42      50712         24          200909    158 ULTRIUM5   552350  *QUAL
 SAVDLY      5/20/20 23:30:04  5/21/20  1:29:02  1:58:58      62359         25          735696    370 ULTRIUM5   552409  *QUAL
 SAVDLY      5/21/20 23:30:03  5/22/20  1:14:38  1:44:35      64305         28          808714    460 ULTRIUM5   552379  *QUAL
 SAVDLY      5/22/20 23:30:04  5/23/20  1:19:05  1:49:01      79639         28          746636    410 ULTRIUM5   552005  *QUAL
 SAVDLY      5/23/20 23:30:02  5/24/20  0:49:27  1:19:25      93465         24          300115    223 ULTRIUM5   552045  *QUAL
 SAVDLY      5/25/20 23:30:04  5/26/20  1:12:32  1:42:28      40919         25          729381    424 ULTRIUM5   550999  *QUAL
 SAVDLY      5/26/20 23:30:04  5/27/20  0:46:14  1:16:10      47808         24          240059    187 ULTRIUM5   552843  *QUAL
 SAVDLY      5/27/20 23:30:05  5/28/20  1:18:45  1:48:40      53468         28          838733    460 ULTRIUM5   552378  *QUAL
 SAVDLY      5/28/20 23:30:04  5/29/20  1:10:36  1:40:32      57972         28          682033    406 ULTRIUM5   552748  *QUAL
 SAVDLY      5/29/20 23:30:04  5/30/20  1:17:16  1:47:12      74410         28          738178    410 ULTRIUM5   552132  *QUAL
 SAVDLY      5/30/20 23:30:04  5/31/20  1:17:54  1:47:50      76397         28          756070    417 ULTRIUM5   552442  *QUAL
 SAVDLY      6/01/20 23:30:05  6/02/20  1:13:31  1:43:26      51354         27          737515    424 ULTRIUM5   552210  *QUAL
 SAVDLY      6/02/20 23:30:05  6/03/20  1:12:22  1:42:17      57067         27          721888    421 ULTRIUM5   552402  *QUAL
 SAVDLY      6/03/20 23:30:04  6/04/20  1:17:28  1:47:24      67914         27          773707    432 ULTRIUM5   552737  *QUAL
 SAVDLY      6/04/20 23:30:04  6/05/20  1:25:19  1:55:15      73012         25          868880    450 ULTRIUM5   552618  *QUAL
 SAVDLY      6/05/20 23:30:04  6/06/20  1:08:55  1:38:51      76082         26          888780    536 ULTRIUM5   552163  *QUAL
 SAVDLY      6/06/20 23:30:04  6/07/20  1:12:16  1:42:12      72260         29          745690    435 ULTRIUM5   551853  *QUAL
 SAVDLY      6/08/20 23:30:05  6/09/20  1:17:16  1:47:11      35774         27          841833    468 ULTRIUM5   552830  *QUAL
 SAVDLY      6/09/20 23:30:05  6/10/20  0:46:26  1:16:21      48120         24          205236    158 ULTRIUM5   552707  *QUAL
 SAVDLY      6/10/20 23:30:05  6/11/20  1:12:21  1:42:16      70454         26          762931    446 ULTRIUM5   552144  *QUAL
 SAVDLY      6/11/20 23:30:05  6/12/20  1:12:14  1:42:09      71160         27          737882    432 ULTRIUM5   552145  *QUAL
 SAVDLY      6/12/20 23:30:04  6/13/20  1:39:08  2:09:04      70975         27          740277    342 ULTRIUM5   552414  *QUAL
 SAVDLY      6/13/20 23:30:04  6/14/20  1:23:23  1:53:19      93123         28          720272    378 ULTRIUM5   552755  *QUAL
 SAVDLY      6/15/20 23:30:04  6/16/20  0:56:47  1:26:43      29950         25          563594    388 ULTRIUM5   552364  *QUAL
 SAVDLY      6/16/20 23:30:04  6/17/20  1:02:34  1:32:30      31819         25          648761    417 ULTRIUM5   551488  *QUAL
 SAVDLY      6/17/20 23:30:04  6/18/20  1:02:43  1:32:39      38317         25          718866    464 ULTRIUM5   552542  *QUAL
 SAVDLY      6/18/20 23:30:05  6/19/20  1:16:26  1:46:21      52505         26          682735    381 ULTRIUM5   552408  *QUAL
 SAVDLY      6/19/20 23:30:05  6/20/20  0:46:03  1:15:58      58382         24          189243    147 ULTRIUM5   552350  *QUAL
 SAVDLY      6/20/20 23:30:05  6/21/20  1:17:07  1:47:02      65552         28          815865    457 ULTRIUM5   552409  *QUAL
 SAVDLY      6/22/20 23:30:06  6/23/20  1:10:40  1:40:34      53340         28          772295    457 ULTRIUM5   552379  *QUAL
 SAVDLY      6/23/20 23:30:04  6/24/20  1:07:57  1:37:53      59371         26          677595    414 ULTRIUM5   552045  *QUAL
 SAVDLY      6/24/20 23:30:06  6/25/20  1:12:39  1:42:33     103461         26          718377    417 ULTRIUM5   552034  *QUAL
 SAVDLY      6/25/20 23:30:05  6/26/20  1:07:39  1:37:34     122997         27          738209    453 ULTRIUM5   550999  *QUAL
 SAVDLY      6/26/20 23:30:05  6/27/20  0:46:01  1:15:56     120094         24          158627    122 ULTRIUM5   552843  *QUAL
 SAVDLY      6/27/20 23:30:05  6/28/20  1:14:42  1:44:37     129552         27          864657    493 ULTRIUM5   552378  *QUAL
 SAVDLY      6/29/20 23:30:05  6/30/20  1:02:24  1:32:19      42107         25          679042    439 ULTRIUM5   552132  *QUAL
 SAVDLY      6/30/20 23:30:05  7/01/20  1:13:01  1:42:56      47448         27          852890    496 ULTRIUM5   552442  *QUAL
 SAVDLY      7/01/20 23:30:05  7/02/20  1:12:35  1:42:30      51599         27          926987    540 ULTRIUM5   552424  *QUAL
 SAVDLY      7/02/20 23:30:04  7/03/20  1:18:31  1:48:27      59231         27         1196093    658 ULTRIUM5   552210  *QUAL
 SAVDLY      7/03/20 23:30:05  7/04/20  1:30:47  2:00:42      85793         24         1348178    669 ULTRIUM5   552737  *QUAL
 SAVDLY      7/04/20 23:30:04  7/05/20  1:26:49  1:56:45      93781         25         1209862    619 ULTRIUM5   552618  *QUAL
 SAVDLY      7/06/20 23:30:05  7/07/20  1:03:43  1:33:38      32109         25          679556    432 ULTRIUM5   552163  *QUAL
 SAVDLY      7/07/20 23:30:06  7/08/20  1:40:25  2:10:19      53798         26         1172065    536 ULTRIUM5   551853  *QUAL
 SAVDLY      7/08/20 23:30:06  7/09/20  1:33:16  2:03:10      65514         26         1084381    525 ULTRIUM5   552830  *QUAL
 SAVDLY      7/09/20 23:30:05  7/10/20  1:06:12  1:36:07      65765         24          506655    313 ULTRIUM5   552707  *QUAL
 SAVDLY      7/10/20 23:30:05  7/11/20  1:19:21  1:49:16      80513         27          884509    482 ULTRIUM5   552154  *QUAL
 SAVDLY      7/11/20 23:30:03  7/12/20  1:29:39  1:59:36      79914         26         1138592    568 ULTRIUM5   552144  *QUAL
 SAVDLY      7/13/20 23:30:04  7/14/20  1:10:09  1:40:05      37375         27          734283    439 ULTRIUM5   552755  *QUAL
 SAVDLY      7/14/20 23:30:04  7/15/20  1:10:13  1:40:09      42479         27          784103    468 ULTRIUM5   552414  *QUAL
 SAVDLY      7/15/20 23:30:03  7/16/20  1:05:04  1:35:01      38019         25          679221    428 ULTRIUM5   551845  *QUAL
 SAVDLY      7/16/20 23:30:05  7/17/20  0:48:16  1:18:11      55083         24          266110    201 ULTRIUM5   551488  *QUAL
 SAVDLY      7/17/20 23:30:04  7/18/20  1:16:48  1:46:44      87556         27          838446    468 ULTRIUM5   552542  *QUAL
 SAVDLY      7/18/20 23:30:05  7/19/20  1:11:38  1:41:33      88984         27          797308    468 ULTRIUM5   552408  *QUAL
 SAVDLY      7/20/20 23:30:05  7/21/20  1:00:00  1:29:55      49880         25          618942    410 ULTRIUM5   552409  *QUAL
 SAVDLY      7/21/20 23:30:02  7/22/20  1:05:48  1:35:46      63292         25          663191    414 ULTRIUM5   552005  *QUAL
 SAVDLY      7/22/20 23:30:04  7/23/20  1:12:37  1:42:33      68760         27          695626    406 ULTRIUM5   552379  *QUAL
 SAVDLY      7/23/20 23:30:04  7/24/20  1:09:21  1:39:17      85067         25          800453    482 ULTRIUM5   552045  *QUAL
 SAVDLY      7/24/20 23:30:04  7/25/20  1:17:41  1:47:37     113709         27          854694    475 ULTRIUM5   552034  *QUAL
 SAVDLY      7/25/20 23:30:05  7/26/20  1:34:40  2:04:35     144146         25         1014563    486 ULTRIUM5   550999  *QUAL
 SAVDLY      7/27/20 23:30:05  7/28/20  1:18:07  1:48:02      35363         27          952792    525 ULTRIUM5   551538  *QUAL
 SAVDLY      7/28/20 23:30:04  7/29/20  1:08:37  1:38:33      38268         25          674412    410 ULTRIUM5   552748  *QUAL
 SAVDLY      7/29/20 23:30:05  7/30/20  1:11:56  1:41:51      43610         27          777699    457 ULTRIUM5   552378  *QUAL
 SAVDLY      7/30/20 23:30:03  7/31/20  1:07:55  1:37:52      48381         25          763843    468 ULTRIUM5   552132  *QUAL
 SAVDLY      7/31/20 23:30:04  8/01/20  1:08:14  1:38:10      49632         25          728637    442 ULTRIUM5   552424  *QUAL
 SAVDLY      8/01/20 23:30:04  8/02/20  1:16:04  1:46:00      55702         27          788543    442 ULTRIUM5   552442  *QUAL
 SAVDLY      8/03/20 23:30:03  8/04/20  1:08:23  1:38:20      36173         25          760289    460 ULTRIUM5   552210  *QUAL
 SAVDLY      8/04/20 23:30:04  8/05/20  1:00:10  1:30:06      44345         24          733457    486 ULTRIUM5   552737  *QUAL
 SAVDLY      8/05/20 23:30:04  8/06/20  1:21:59  1:51:55      60659         26         1108141    594 ULTRIUM5   552618  *QUAL
 SAVDLY      8/06/20 23:30:04  8/07/20  1:22:27  1:52:23      71461         27         1022831    543 ULTRIUM5   552163  *QUAL
 SAVDLY      8/07/20 23:30:02  8/08/20  1:23:03  1:53:01      76000         27         1066728    565 ULTRIUM5   552830  *QUAL
 SAVDLY      8/08/20 23:30:03  8/09/20  1:36:32  2:06:29      79818         29         1286634    608 ULTRIUM5   552707  *QUAL
 SAVDLY      8/10/20 23:30:04  8/11/20  1:00:00  1:29:56      34511         25          627041    417 ULTRIUM5   552144  *QUAL
 SAVDLY      8/11/20 23:30:03  8/12/20  1:11:44  1:41:41      46761         27          839339    493 ULTRIUM5   552145  *QUAL
 SAVDLY      8/12/20 23:30:04  8/13/20  0:51:22  1:21:18      62920         24          300733    219 ULTRIUM5   552712  *QUAL
 SAVDLY      8/13/20 23:30:04  8/14/20  1:06:29  1:36:25      89458         25          659752    410 ULTRIUM5   552755  *QUAL
