 SAVWSB      7/21/19 21:25:41  7/22/19  0:51:31  3:25:50     505531         11         1293626    374 ULTRIUM5   550789  *QUAL
 SAVWSB      7/28/19 21:23:21  7/29/19  2:21:21  4:58:00     612914         11         1451555    291 ULTRIUM5   552424  *QUAL
 SAVWSB      8/11/19 21:24:42  8/12/19  1:30:27  4:05:45     784300         11         1382222    334 ULTRIUM5   552412  *QUAL
 SAVWSB      8/18/19 21:25:46  8/19/19  1:10:03  3:44:17     649165         11         1394124    370 ULTRIUM5   552350  *QUAL
 SAVWSB      8/25/19 21:28:13  8/26/19  1:14:46  3:46:33     560997         11         1370479    360 ULTRIUM5   552287  *QUAL
 SAVWSB      9/01/19 22:27:20  9/02/19  2:06:06  3:38:46     497283         11         1359157    370 ULTRIUM5   552390  *QUAL
 SAVWSB      9/15/19 11:00:36  9/15/19 13:56:25  2:55:49     494702         11         1471932    500 ULTRIUM5   552411  *QUAL
 SAVWSB      9/22/19 21:23:26  9/23/19  0:19:10  2:55:44     487297         11         1290687    439 ULTRIUM5   552045  *QUAL
 SAVWSB      9/29/19 20:56:27  9/29/19 23:58:36  3:02:09     506792         11         1309141    428 ULTRIUM5   552210  *QUAL
 SAVWSB     10/13/19 11:11:28 10/13/19 14:03:59  2:52:31     486673         11         1256921    435 ULTRIUM5   552408  *QUAL
 SAVWSB     10/20/19 21:02:01 10/20/19 23:55:36  2:53:35     481825          0         1320180    453 ULTRIUM5   552431  *NOERR
 SAVWSB     10/27/19 21:05:15 10/28/19  0:01:40  2:56:25     504122          0         1324630    450 ULTRIUM5   552402  *NOERR
 SAVWSB     11/17/19 21:30:03 11/18/19  0:35:22  3:05:19     724899          0         1288112    414 ULTRIUM5   552409  *NOERR
 SAVWSB     11/24/19 21:11:03 11/25/19  0:13:23  3:02:20     679644          0         1390704    457 ULTRIUM5   552132  *NOERR
 SAVWSB     12/01/19 21:19:43 12/02/19  0:41:46  3:22:03     675985          0         1456067    432 ULTRIUM5   552605  *NOERR
 SAVWSB     12/15/19 21:03:38 12/16/19  0:07:18  3:03:40     609000          0         1611114    525 ULTRIUM5   552542  *NOERR
 SAVWSB     12/22/19 21:05:55 12/23/19  0:07:53  3:01:58     558148          0         1529421    504 ULTRIUM5   552357  *NOERR
 SAVWSB     12/29/19 21:02:24 12/30/19  0:11:26  3:09:02     517603          1         1496345    471 ULTRIUM5   552210  *QUAL
 SAVWSB      1/12/20 21:03:55  1/13/20  0:03:46  2:59:51     517104          2         1426172    475 ULTRIUM5   552408  *QUAL
 SAVWSB      1/19/20 21:11:38  1/20/20  0:19:55  3:08:17     530516          1         1550579    493 ULTRIUM5   552379  *QUAL
 SAVWSB      1/26/20 21:05:21  1/27/20  0:14:09  3:08:48     560156          1         1488242    471 ULTRIUM5   552424  *QUAL
 SAVWSB      2/09/20 21:03:21  2/10/20  0:08:21  3:05:00     494512          1         1653977    536 ULTRIUM5   552364  *QUAL
 SAVWSB      2/16/20 21:10:49  2/17/20  0:15:14  3:04:25     554509          1         1506454    489 ULTRIUM5   552355  *QUAL
 SAVWSB      2/23/20 21:02:31  2/24/20  0:18:34  3:16:03     505696          1         1716169    522 ULTRIUM5   552442  *QUAL
 SAVWSB      3/01/20 21:10:25  3/02/20  0:26:05  3:15:40     539127          1         1682711    514 ULTRIUM5   552390  *QUAL
 SAVWSB      3/15/20 21:07:44  3/16/20  0:39:39  3:31:55     517621          1         1600546    450 ULTRIUM5   552542  *QUAL
 SAVWSB      3/22/20 21:13:33  3/23/20  0:22:21  3:08:48     583416          1         1432157    453 ULTRIUM5   552045  *QUAL
 SAVWSB      3/29/20 21:10:04  3/30/20  0:13:03  3:02:59     584431          1         1352153    442 ULTRIUM5   552424  *QUAL
 SAVWSB      4/12/20 20:46:18  4/12/20 23:48:31  3:02:13     489714          1         1516415    496 ULTRIUM5   552414  *QUAL
 SAVWSB      4/19/20 22:00:11  4/20/20  1:10:45  3:10:34     572192          1         1448463    453 ULTRIUM5   552379  *QUAL
 SAVWSB      4/26/20 22:16:47  4/27/20  1:35:57  3:19:10     685790          1         1542754    464 ULTRIUM5   552378  *QUAL
 SAVWSB      5/10/20 23:47:38  5/11/20  1:06:24  1:18:46     618769          1          522068    396 ULTRIUM5   552707  *QUAL
 SAVWSB      5/17/20 21:10:08  5/18/20  0:51:32  3:41:24     796896          1         1571893    424 ULTRIUM5   551488  *QUAL
 SAVWSB      5/24/20 21:04:16  5/25/20  0:46:40  3:42:24     764539          1         1757068    471 ULTRIUM5   552034  *QUAL
 SAVWSB      5/31/20 21:20:16  6/01/20  0:35:43  3:15:27     700871          1         1542526    471 ULTRIUM5   552424  *QUAL
 SAVWSB      6/14/20 21:13:19  6/15/20  0:26:13  3:12:54     612312          2         1471882    457 ULTRIUM5   551845  *QUAL
 SAVWSB      6/21/20 21:05:01  6/22/20  0:14:45  3:09:44     540452          1         1512735    475 ULTRIUM5   552005  *QUAL
 SAVWSB      6/28/20 21:12:23  6/29/20  0:27:33  3:15:10     608773          1         1504822    460 ULTRIUM5   552748  *QUAL
 SAVWSB      7/12/20 21:32:53  7/13/20  0:49:49  3:16:56     621287          1         1838064    558 ULTRIUM5   552145  *QUAL
 SAVWSB      7/19/20 21:11:42  7/20/20  0:30:54  3:19:12     617226          1         1737738    522 ULTRIUM5   552350  *QUAL
 SAVWSB      7/26/20 21:11:39  7/27/20  0:27:41  3:16:02     625482          1         1558999    475 ULTRIUM5   552843  *QUAL
 SAVWSB      8/09/20 21:04:33  8/10/20  0:26:12  3:21:39     580236          1         1830578    543 ULTRIUM5   552154  *QUAL
