 552072   L5     *ACT   ULTRIUM5     6/02/19   6/30/19   3/07/19   LTO5DRT               *NONE                  CAM
 552302   L5     *EXP   ULTRIUM5     5/18/19   6/16/19   6/16/19   LTO5DRT               *NONE                  CAM
 551958   L5     *EXP   ULTRIUM5     5/18/19   6/15/19   6/16/19   LTO5DRT               *NONE                  CATS
 550491   L5     *ACT   ULTRIUM5     6/01/19   6/29/19   6/13/19   LTO5DRT               *NONE                  CLUX
 551587   L5     *EXP   ULTRIUM5     5/18/19   6/15/19   6/16/19   LTO5DRT               *NONE                  CLUX
 551140   L5     *EXP   ULTRIUM5     5/18/19   6/15/19   6/16/19   LTO5DRT               *NONE                  DFSNZ1
 551351   L5     *EXP   ULTRIUM5     5/18/19   6/15/19   6/16/19   LTO5DRT               *NONE                  DFSNZ1
 552300   L5     *ACT   ULTRIUM5     6/08/19   7/06/19   3/07/19   LTO5DRT               *NONE                  DFSNZ1
 551513   L5     *EXP   ULTRIUM5     5/18/19   6/15/19   6/16/19   LTO5DRT               *NONE                  GDC
 551960   L5     *ACT   ULTRIUM5     5/31/19   6/28/19   5/28/19   LTO5DRT               *NONE                  GDC
 551950   L5     *ACT   ULTRIUM5     6/02/19   6/01/26   6/13/19   LTO5DRT               *NONE                  GVA
 551953   L5     *EXP   ULTRIUM5     5/18/19   6/16/19   6/16/19   LTO5DRT               *NONE                  GVA
 551968   L5     *EXP   ULTRIUM5     5/17/19   6/14/19   6/15/19   LTO5DRT               *NONE                  HKGA
 552070   L5     *ACT   ULTRIUM5     6/05/19   7/03/19   3/07/19   LTO5DRT               *NONE                  HKGA
 552112   L5     *ACT   ULTRIUM5     3/09/19   6/07/26   3/12/19   LTO5DRT               *NONE                  HKGA
 552370   L5     *EXP   ULTRIUM5     5/18/19   6/15/19   6/16/19   LTO5DRT               *NONE                  HKGA
 550890   L5     *ACT   ULTRIUM5     7/07/18   7/06/25   6/14/19   LTO5DRT               *NONE                  HNL
 551294   L5     *EXP   ULTRIUM5     5/13/19   6/11/19   6/11/19   LTO5DRT               *NONE                  HNL
 551381   L5     *EXP   ULTRIUM5     5/16/19   6/14/19   6/14/19   LTO5DRT               *NONE                  HNL
 551393   L5     *ACT   ULTRIUM5     3/03/18   3/02/25   6/14/19   LTO5DRT               *NONE                  HNL
 551461   L5     *ACT   ULTRIUM5     2/03/18   2/02/25   6/14/19   LTO5DRT               *NONE                  HNL
 551714   L5     *EXP   ULTRIUM5     5/12/19   6/10/19   6/10/19   LTO5DRT               *NONE                  HNL
 551907   L5     *EXP   ULTRIUM5     5/15/19   6/13/19   6/13/19   LTO5DRT               *NONE                  HNL
 551933   L5     *ACT   ULTRIUM5     4/07/18   4/06/25   6/14/19   LTO5DRT               *NONE                  HNL
 551938   L5     *ACT   ULTRIUM5     1/06/18   1/05/25   6/14/19   LTO5DRT               *NONE                  HNL
 551951   L5     *EXP   ULTRIUM5     5/17/19   6/15/19   6/15/19   LTO5DRT               *NONE                  HNL
 552050   L5     *ACT   ULTRIUM5     6/02/18   6/01/25   6/14/19   LTO5DRT               *NONE                  HNL
 552101   L5     *ACT   ULTRIUM5     6/04/19   7/12/19   3/07/19   LTO5DRT               *NONE                  HNL
 552176   L5     *EXP   ULTRIUM5     5/14/19   6/12/19   6/12/19   LTO5DRT               *NONE                  HNL
 552430   L5     *EXP   ULTRIUM5     5/18/19   6/16/19   6/16/19   LTO5DRT               *NONE                  HNL
 552208   L5     *EXP   ULTRIUM5     5/18/19   6/16/19   6/16/19   LTO5DRT               *NONE                  INDO
 550962   L5     *ACT   ULTRIUM5     6/02/19   6/01/26   6/13/19   LTO5DRT               *NONE                  ITL
 550998   L5     *EXP   ULTRIUM5     5/12/19   6/09/19   3/12/19   LTO5DRT               *NONE                  ITL
 551076   L5     *ACT   ULTRIUM5     6/09/19   7/07/19   3/12/19   LTO5DRT               *NONE                  ITL
 551119   L5     *EXP   ULTRIUM5     5/19/19   6/16/19   2/18/19   LTO5DRT               *NONE                  ITL
 552243   L5     *EXP   ULTRIUM5     5/18/19   6/16/19   6/16/19   LTO5DRT               *NONE                  KOREA
 552298   L5     *ACT   ULTRIUM5     6/05/19   7/03/19   3/07/19   LTO5DRT               *NONE                  KOREA
 551115   L5     *EXP   ULTRIUM5     5/18/19   6/15/19   6/16/19   LTO5DRT               *NONE                  KSENV5U
 551141   L5     *ACT   ULTRIUM5     5/25/19  *PERM      5/29/19   LTO5DRT               *NONE                  KSENV5U
 551732   L5     *ACT   ULTRIUM5     5/25/19  *PERM      5/29/19   LTO5DRT               *NONE                  KSENV6
 552337   L5     *EXP   ULTRIUM5     5/11/19   6/15/19   6/09/19   LTO5DRT               *NONE                  KSENV6
 550421   L5     *EXP   ULTRIUM5     4/24/19   5/24/19   5/29/19   LTO5DRT               *NONE                  KSENV6U
 550789   L5     *ACT   ULTRIUM5     3/30/19   4/28/19   4/29/19   LTO5DRT               *NONE                  KSENV6U
 551045   L5     *ACT   ULTRIUM5     3/29/19   4/26/19   4/27/19   LTO5DRT               *NONE                  KSENV6U
 551500   L5     *ACT   ULTRIUM5     6/02/18   6/03/19   6/04/19   LTO5DRT               *NONE                  KSENV6U
 551651   L5     *ACT   ULTRIUM5     5/05/18   5/06/19   5/07/19   LTO5DRT               *NONE                  KSENV6U
 551677          *ACT   ULTRIUM5     4/07/18   4/08/19   4/09/19   LTO5DRT               *NONE                  KSENV6U
 551712   L5     *ACT   ULTRIUM5     4/27/19   5/26/19   5/27/19   LTO5DRT               *NONE                  KSENV6U
 552008   L5     *ACT   ULTRIUM5     5/11/19   6/09/19   6/10/19   LTO5DRT               *NONE                  KSENV6U
 552384   L5     *ACT   ULTRIUM5     3/23/19   4/21/19   4/22/19   LTO5DRT               *NONE                  KSENV6U
 552424   L5     *ACT   ULTRIUM5     4/08/19   5/06/19   5/07/19   LTO5DRT               *NONE                  KSENV6U
 552488   L5     *ACT   ULTRIUM5     4/20/19   5/19/19   5/20/19   LTO5DRT               *NONE                  KSENV6U
 552490   L5     *ACT   ULTRIUM5     3/16/19   4/13/19   4/14/19   LTO5DRT               *NONE                  KSENV6U
 551163   L5     *EXP   ULTRIUM5    12/30/18   1/27/19  12/31/18   LTO5DRT               *NONE                  LAX1
 551219   L5     *EXP   ULTRIUM5     5/17/19   6/15/19   6/15/19   LTO5DRT               *NONE                  LAX1
 552038   L5     *ACT   ULTRIUM5     5/18/19   6/15/19   6/16/19   LTO5DRT               *NONE                  LAX1
 550235   L5     *ACT   ULTRIUM5     5/31/19   6/28/19   6/13/19   LTO5DRT               *NONE                  MIDEAST
 551047   L5     *EXP   ULTRIUM5     5/17/19   6/15/19   6/15/19   LTO5DRT               *NONE                  MIDEAST
 551980   L5     *ACT   ULTRIUM5     6/02/19   6/30/19   3/07/19   LTO5DRT               *NONE                  MIDEAST
 552261   L5     *EXP   ULTRIUM5     5/18/19   6/15/19   6/16/19   LTO5DRT               *NONE                  MIDEAST
 552316   L5     *EXP   ULTRIUM5     5/18/19   6/15/19   6/16/19   LTO5DRT               *NONE                  MIDPAC
 552198   L5     *EXP   ULTRIUM5     5/18/19   6/16/19   6/16/19   LTO5DRT               *NONE                  PAD1
 552346   L5     *ACT   ULTRIUM5     5/06/19   5/05/26   3/07/19   LTO5DRT               *NONE                  PAD1
 552513   L5     *ACT   ULTRIUM5     6/03/19   6/02/26   6/13/19   LTO5DRT               *NONE                  PAD1
 552100   L5     *EXP   ULTRIUM5     5/17/19   6/15/19   6/15/19   LTO5DRT               *NONE                  PAX1
 552102   L5     *EXP   ULTRIUM5     5/18/19   6/16/19   6/16/19   LTO5DRT               *NONE                  PAX1
 551521   L5     *ACT   ULTRIUM5     1/06/18   1/07/28   5/30/19   LTO5DRT               *NONE                  PRC
 551591   L5     *ACT   ULTRIUM5     3/03/18   3/03/28   5/30/19   LTO5DRT               *NONE                  PRC
 551617   L5     *ACT   ULTRIUM5     4/07/18   4/07/28   5/30/19   LTO5DRT               *NONE                  PRC
 551925   L5     *ACT   ULTRIUM5     2/03/18   2/04/28   5/30/19   LTO5DRT               *NONE                  PRC
 552022   L5     *ACT   ULTRIUM5     6/01/19   6/30/19   3/07/19   LTO5DRT               *NONE                  PRC
 552287   L5     *ACT   ULTRIUM5     5/28/19   6/26/19   3/07/19   LTO5DRT               *NONE                  SFO
 552355   L5     *EXP   ULTRIUM5     5/16/19   6/16/19   6/15/19   LTO5DRT               *NONE                  SFO
 552387   L5     *ACT   ULTRIUM5     6/02/19   6/02/26   6/13/19   LTO5DRT               *NONE                  SFO
 552427   L5     *ACT   ULTRIUM5     3/04/19   3/03/26   3/04/19   LTO5DRT               *NONE                  SFO
 550810   L5     *ACT   ULTRIUM5     6/01/19   5/31/26   6/13/19   LTO5DRT               *NONE                  SFO2
 551322   L5     *EXP   ULTRIUM5     5/18/19   6/16/19   6/16/19   LTO5DRT               *NONE                  SFO2
 551369   L5     *EXP   ULTRIUM5     5/18/19   6/16/19   6/16/19   LTO5DRT               *NONE                  SFO2
 551611   L5     *ACT   ULTRIUM5     1/20/19  *PERM      1/20/19   LTO5DRT               *NONE                  SFO2
 552288   L5     *ACT   ULTRIUM5     5/29/19   6/26/19   3/07/19   LTO5DRT               *NONE                  SFO2
 552345   L5     *ACT   ULTRIUM5     5/31/19   6/28/19   3/07/19   LTO5DRT               *NONE                  SFO2
 551308   L5     *ACT   ULTRIUM5     8/20/17   9/17/17   8/17/17   LTO5DRT               *NONE                  SIN2
 551311   L5     *ACT   ULTRIUM5     8/19/17   9/16/17   8/18/17   LTO5DRT               *NONE                  SIN2
 551353   L5     *ACT   ULTRIUM5     8/22/17   9/19/17   8/20/17   LTO5DRT               *NONE                  SIN2
 551810   L5     *ACT   ULTRIUM5     9/03/17  10/01/17   9/03/17   LTO5DRT               *NONE                  SIN2
 551831   L5     *ACT   ULTRIUM5     9/30/17  10/28/17   6/22/18   LTO5DRT               *NONE                  SIN2
 551990   L5     *EXP   ULTRIUM5     5/18/19   6/17/19   6/16/19   LTO5DRT               *NONE                  SIN2
 550044   L5     *EXP   ULTRIUM5     5/18/19   6/15/19   6/16/19   LTO5DRT               *NONE                  SYD
 552291   L5     *ACT   ULTRIUM5     4/06/19   5/26/26   3/07/19   LTO5DRT               *NONE                  SYD
