     550012L5,        System_I,             769, LTO Ultrium-5,  Slot(F1,C5,R14),       Unknown, 2019-06-16 09:44:52
     550044L5,        System_I,            1028, LTO Ultrium-5,  Slot(F2,C2,R41),       Unknown, 2019-06-16 16:16:16
     550096L5,        System_I,             770, LTO Ultrium-5,  I/O Slot(F1,R1), Not Encrypted, 2019-06-17 08:07:37
     550235L5,        System_I,            1137, LTO Ultrium-5,  Slot(F1,C6,R11), Not Encrypted, 2019-06-13 17:06:30
     550421L5,        System_I,            1142, LTO Ultrium-5,   Slot(F1,C5,R3), Not Encrypted, 2019-06-07 20:30:55
     550491L5,        System_I,            1138, LTO Ultrium-5,  Slot(F1,C3,R17), Not Encrypted, 2019-06-13 17:06:57
     550789L5,        System_I,            1036, LTO Ultrium-5,  Slot(F1,C5,R22),       Unknown, 2019-04-29 16:31:26
     550810L5,        System_I,            1139, LTO Ultrium-5,  Slot(F1,C1,R41), Not Encrypted, 2019-06-13 17:07:22
     550962L5,        System_I,            1029, LTO Ultrium-5,  Slot(F1,C1,R18), Not Encrypted, 2019-06-10 23:38:26
     551045L5,        System_I,            1040, LTO Ultrium-5,  Slot(F2,C9,R43),       Unknown, 2019-04-27 16:09:46
     551047L5,        System_I,            1035, LTO Ultrium-5,  Slot(F2,C4,R17),       Unknown, 2019-06-15 16:12:19
     551076L5,        System_I,            1053, LTO Ultrium-5,  Slot(F2,C4,R29), Not Encrypted, 2019-06-10 05:41:34
     551115L5,        System_I,            1030, LTO Ultrium-5,  Slot(F2,C5,R28),       Unknown, 2019-06-16 16:16:20
     551119L5,        System_I,            1120, LTO Ultrium-5,  Slot(F1,C6,R32), Not Encrypted, 2019-05-20 05:35:54
     551140L5,        System_I,            1031, LTO Ultrium-5,  Slot(F2,C8,R27),       Unknown, 2019-06-16 16:16:22
     551152L5,        System_I,             771, LTO Ultrium-5,  Slot(F1,C6,R13),       Unknown, 2019-06-16 09:44:52
     551219L5,        System_I,            1037, LTO Ultrium-5,  Slot(F2,C7,R36),       Unknown, 2019-06-15 16:12:22
     551294L5,        System_I,            1060, LTO Ultrium-5,   Slot(F2,C4,R3),       Unknown, 2019-06-11 16:04:17
     551322L5,        System_I,            1038, LTO Ultrium-5,   Slot(F2,C5,R8),       Unknown, 2019-06-16 16:16:23
     551351L5,        System_I,            1039, LTO Ultrium-5,  Slot(F2,C9,R30),       Unknown, 2019-06-16 16:16:25
     551369L5,        System_I,            1041, LTO Ultrium-5,  Slot(F2,C4,R20),       Unknown, 2019-06-16 16:16:27
     551381L5,        System_I,            1033, LTO Ultrium-5,   Slot(F2,C7,R5),       Unknown, 2019-06-14 16:13:41
     551398L5,        System_I,             775, LTO Ultrium-5,  Slot(F1,C6,R19),       Unknown, 2019-06-16 09:45:10
     551435L5,        System_I,             776, LTO Ultrium-5,  Slot(F1,C3,R34),       Unknown, 2019-06-16 09:45:10
     551500L5,        System_I,            1032, LTO Ultrium-5, Slot(F2,C10,R41),       Unknown, 2019-06-04 16:35:24
     551513L5,        System_I,            1043, LTO Ultrium-5,  Slot(F2,C7,R41),       Unknown, 2019-06-16 16:16:28
     551521L5,        System_I,            1082, LTO Ultrium-5,   Slot(F1,C5,R7), Not Encrypted, 2019-05-30 17:07:52
     551560L5,        System_I,             261, LTO Ultrium-5,     Drive(F1,R5),       Unknown, 2019-06-17 11:11:29
     551587L5,        System_I,            1044, LTO Ultrium-5,  Slot(F2,C1,R35),       Unknown, 2019-06-16 16:16:30
     551591L5,        System_I,            1083, LTO Ultrium-5,   Slot(F1,C8,R2), Not Encrypted, 2019-05-30 17:08:14
     551617L5,        System_I,            1085, LTO Ultrium-5,  Slot(F2,C1,R37), Not Encrypted, 2019-05-30 17:08:23
     551651L5,        System_I,            1067, LTO Ultrium-5,  Slot(F2,C2,R20),       Unknown, 2019-05-07 16:18:31
     551677L5,        System_I,            1050, LTO Ultrium-5,  Slot(F1,C8,R23),       Unknown, 2019-04-09 16:12:04
     551678L5,        System_I,             263, LTO Ultrium-5,     Drive(F1,R7),       Unknown, 2019-06-17 10:30:12
     551690L5,        System_I,             262, LTO Ultrium-5,     Drive(F1,R6),       Unknown, 2019-06-17 09:48:49
     551712L5,        System_I,            1058, LTO Ultrium-5,  Slot(F2,C2,R44),       Unknown, 2019-05-27 16:14:16
     551714L5,        System_I,            1049, LTO Ultrium-5,   Slot(F2,C7,R8),       Unknown, 2019-06-10 16:05:59
     551720L5,        System_I,             772, LTO Ultrium-5,  I/O Slot(F1,R2), Not Encrypted, 2019-06-17 08:07:47
     551783L5,        System_I,             773, LTO Ultrium-5,  I/O Slot(F1,R3), Not Encrypted, 2019-06-17 08:08:00
     551798L5,        System_I,             264, LTO Ultrium-5,     Drive(F1,R8),       Unknown, 2019-06-17 09:10:26
     551830L5,        System_I,             260, LTO Ultrium-5,     Drive(F1,R4),       Unknown, 2019-06-17 09:10:26
     551841L5,        System_I,             257, LTO Ultrium-5,     Drive(F1,R1),       Unknown, 2019-06-17 07:50:50
     551844L5,        System_I,             259, LTO Ultrium-5,     Drive(F1,R3),       Unknown, 2019-06-17 07:10:25
     551848L5,        System_I,             774, LTO Ultrium-5,  I/O Slot(F1,R4), Not Encrypted, 2019-06-17 08:08:00
     551894L5,        System_I,            1130, LTO Ultrium-5,   Slot(F2,C2,R8), Not Encrypted, 2019-06-17 07:50:50
     551896L5,        System_I,             777, LTO Ultrium-5,  I/O Slot(F1,R5), Not Encrypted, 2019-06-17 08:08:12
     551902L5,        System_I,             778, LTO Ultrium-5,  I/O Slot(F1,R6), Not Encrypted, 2019-06-17 08:08:12
     551907L5,        System_I,            1071, LTO Ultrium-5,  Slot(F2,C1,R41),       Unknown, 2019-06-13 16:11:25
     551925L5,        System_I,            1118, LTO Ultrium-5,   Slot(F2,C2,R6), Not Encrypted, 2019-05-30 17:09:05
     551950L5,        System_I,            1141, LTO Ultrium-5,   Slot(F1,C1,R6), Not Encrypted, 2019-06-13 17:08:50
     551951L5,        System_I,            1047, LTO Ultrium-5,  Slot(F2,C6,R28),       Unknown, 2019-06-15 16:12:35
     551953L5,        System_I,            1072, LTO Ultrium-5,   Slot(F2,C8,R8),       Unknown, 2019-06-16 16:16:39
     551958L5,        System_I,            1074, LTO Ultrium-5,  Slot(F2,C8,R18),       Unknown, 2019-06-16 16:16:41
     551960L5,        System_I,            1104, LTO Ultrium-5,  Slot(F1,C1,R39), Not Encrypted, 2019-06-01 00:26:36
     551968L5,        System_I,            1051, LTO Ultrium-5,   Slot(F1,C6,R2),       Unknown, 2019-06-15 16:12:39
     551974L5,        System_I,            1128, LTO Ultrium-5,  Slot(F2,C1,R25), Not Encrypted, 2019-06-17 07:16:27
     551976L5,        System_I,             780, LTO Ultrium-5,  I/O Slot(F1,R7), Not Encrypted, 2019-06-17 08:08:22
     551980L5,        System_I,            1099, LTO Ultrium-5,  Slot(F2,C9,R22), Not Encrypted, 2019-06-03 02:50:45
     551985L5,        System_I,             781, LTO Ultrium-5,  I/O Slot(F1,R8), Not Encrypted, 2019-06-17 08:08:35
     551986L5,        System_I,             786, LTO Ultrium-5,  I/O Slot(F1,R9), Not Encrypted, 2019-06-17 08:08:35
     551990L5,        System_I,            1078, LTO Ultrium-5,  Slot(F2,C8,R17),       Unknown, 2019-06-16 16:16:43
     552008L5,        System_I,            1076, LTO Ultrium-5,  Slot(F1,C1,R17),       Unknown, 2019-06-10 16:06:16
     552022L5,        System_I,            1100, LTO Ultrium-5,  Slot(F2,C8,R39), Not Encrypted, 2019-06-02 08:35:41
     552038L5,        System_I,            1080, LTO Ultrium-5,  Slot(F2,C9,R31),       Unknown, 2019-06-16 16:16:48
     552046L5,        System_I,            1127, LTO Ultrium-5,  Slot(F2,C1,R28), Not Encrypted, 2019-06-17 07:10:25
     552067L5,        System_I,             787, LTO Ultrium-5, I/O Slot(F1,R10), Not Encrypted, 2019-06-17 08:08:48
     552070L5,        System_I,            1105, LTO Ultrium-5,  Slot(F2,C9,R23), Not Encrypted, 2019-06-06 02:54:42
     552072L5,        System_I,            1108, LTO Ultrium-5,  Slot(F2,C8,R42), Not Encrypted, 2019-06-03 00:18:10
     552078L5,        System_I,            1125, LTO Ultrium-5,  Slot(F2,C1,R26), Not Encrypted, 2019-06-17 06:56:54
     552098L5,        System_I,             788, LTO Ultrium-5, I/O Slot(F1,R11), Not Encrypted, 2019-06-17 08:08:48
     552100L5,        System_I,            1068, LTO Ultrium-5, Slot(F2,C10,R26),       Unknown, 2019-06-15 16:12:51
     552101L5,        System_I,            1109, LTO Ultrium-5,  Slot(F2,C9,R24), Not Encrypted, 2019-06-15 18:21:03
     552102L5,        System_I,            1087, LTO Ultrium-5,  Slot(F2,C9,R35),       Unknown, 2019-06-16 16:16:49
     552109L5,        System_I,             789, LTO Ultrium-5, I/O Slot(F1,R12), Not Encrypted, 2019-06-17 08:09:01
     552112L5,        System_I,            1057, LTO Ultrium-5,   Slot(F1,C3,R4), Not Encrypted, 2019-06-08 18:06:12
     552116L5,        System_I,             790, LTO Ultrium-5, I/O Slot(F1,R13), Not Encrypted, 2019-06-17 08:09:01
     552131L5,        System_I,             791, LTO Ultrium-5, I/O Slot(F1,R14), Not Encrypted, 2019-06-17 08:09:13
     552149L5,        System_I,             792, LTO Ultrium-5, I/O Slot(F1,R15), Not Encrypted, 2019-06-17 08:09:13
     552176L5,        System_I,            1126, LTO Ultrium-5,  Slot(F1,C1,R32),       Unknown, 2019-06-12 16:14:08
     552179L5,        System_I,             793, LTO Ultrium-5, I/O Slot(F1,R16), Not Encrypted, 2019-06-17 08:09:27
     552185L5,        System_I,             794, LTO Ultrium-5, I/O Slot(F1,R17), Not Encrypted, 2019-06-17 08:09:27
     552196L5,        System_I,             795, LTO Ultrium-5, I/O Slot(F1,R18), Not Encrypted, 2019-06-17 08:09:40
     552198L5,        System_I,            1088, LTO Ultrium-5, Slot(F2,C10,R25),       Unknown, 2019-06-16 16:16:53
     552208L5,        System_I,            1089, LTO Ultrium-5,  Slot(F2,C9,R40),       Unknown, 2019-06-16 16:16:54
     552224L5,        System_I,            1025, LTO Ultrium-5,  Slot(F1,C6,R31),       Unknown, 2019-01-11 08:45:31
     552243L5,        System_I,            1090, LTO Ultrium-5,  Slot(F2,C7,R22),       Unknown, 2019-06-16 16:16:56
     552261L5,        System_I,            1091, LTO Ultrium-5,  Slot(F2,C6,R13),       Unknown, 2019-06-16 16:16:59
     552282L5,        System_I,            1124, LTO Ultrium-5,  Slot(F1,C8,R40), Not Encrypted, 2019-06-17 06:55:09
     552287L5,        System_I,            1110, LTO Ultrium-5,  Slot(F2,C8,R44), Not Encrypted, 2019-05-28 21:57:00
     552288L5,        System_I,            1111, LTO Ultrium-5,  Slot(F2,C9,R25), Not Encrypted, 2019-05-30 23:05:08
     552291L5,        System_I,            1113, LTO Ultrium-5,  Slot(F2,C9,R27), Not Encrypted, 2019-05-27 14:13:11
     552298L5,        System_I,            1114, LTO Ultrium-5,  Slot(F2,C10,R5), Not Encrypted, 2019-06-05 22:04:19
     552300L5,        System_I,            1115, LTO Ultrium-5,  Slot(F2,C9,R28), Not Encrypted, 2019-06-08 01:35:41
     552302L5,        System_I,            1092, LTO Ultrium-5,  Slot(F2,C3,R42),       Unknown, 2019-06-16 16:17:01
     552304L5,        System_I,             796, LTO Ultrium-5, I/O Slot(F1,R19), Not Encrypted, 2019-06-17 08:09:40
     552305L5,        System_I,             797, LTO Ultrium-5, I/O Slot(F1,R20), Not Encrypted, 2019-06-17 08:09:52
     552316L5,        System_I,            1093, LTO Ultrium-5,   Slot(F2,C3,R9),       Unknown, 2019-06-16 16:17:05
     552322L5,        System_I,             798, LTO Ultrium-5, I/O Slot(F1,R21), Not Encrypted, 2019-06-17 08:09:52
     552325L5,        System_I,             799, LTO Ultrium-5, I/O Slot(F1,R22), Not Encrypted, 2019-06-17 08:10:05
     552328L5,        System_I,             800, LTO Ultrium-5, I/O Slot(F1,R23), Not Encrypted, 2019-06-17 08:10:05
     552329L5,        System_I,             801, LTO Ultrium-5, I/O Slot(F1,R24), Not Encrypted, 2019-06-17 08:10:18
     552337L5,        System_I,            1103, LTO Ultrium-5,  Slot(F2,C8,R41),       Unknown, 2019-06-09 16:35:02
     552345L5,        System_I,            1117, LTO Ultrium-5,  Slot(F2,C9,R29), Not Encrypted, 2019-06-01 21:33:44
     552346L5,        System_I,            1122, LTO Ultrium-5, Slot(F2,C10,R11), Not Encrypted, 2019-05-06 22:11:49
     552350L5,        System_I,             802, LTO Ultrium-5, I/O Slot(F1,R25), Not Encrypted, 2019-06-17 08:10:18
     552351L5,        System_I,            1119, LTO Ultrium-5,  Slot(F1,C6,R34), Not Encrypted, 2019-06-17 06:53:54
     552355L5,        System_I,            1084, LTO Ultrium-5,  Slot(F2,C4,R13),       Unknown, 2019-06-15 16:13:09
     552370L5,        System_I,            1106, LTO Ultrium-5,  Slot(F2,C10,R3),       Unknown, 2019-06-16 16:17:16
     552376L5,        System_I,             803, LTO Ultrium-5, I/O Slot(F1,R26), Not Encrypted, 2019-06-17 08:10:27
     552380L5,        System_I,            1026, LTO Ultrium-5, Slot(F2,C10,R27), Not Encrypted, 2019-03-13 14:44:20
     552384L5,        System_I,            1136, LTO Ultrium-5,  Slot(F2,C7,R37),       Unknown, 2019-04-22 16:26:27
     552387L5,        System_I,            1027, LTO Ultrium-5,  Slot(F1,C1,R11), Not Encrypted, 2019-06-14 18:06:16
     552424L5,        System_I,            1107, LTO Ultrium-5,  Slot(F2,C5,R19),       Unknown, 2019-05-07 16:19:24
     552427L5,        System_I,            1086, LTO Ultrium-5,  Slot(F1,C6,R14),       Unknown, 2019-03-04 17:08:13
     552430L5,        System_I,            1116, LTO Ultrium-5,   Slot(F2,C4,R8),       Unknown, 2019-06-16 16:17:22
     552487L5,        System_I,            1065, LTO Ultrium-5,   Slot(F1,C6,R5), Not Encrypted, 2019-04-15 16:34:02
     552488L5,        System_I,            1097, LTO Ultrium-5,   Slot(F2,C8,R2),       Unknown, 2019-05-20 16:10:59
     552490L5,        System_I,            1145, LTO Ultrium-5,  Slot(F2,C7,R31),       Unknown, 2019-04-14 16:13:12
     552506L5,        System_I,            1096, LTO Ultrium-5,   Slot(F2,C1,R5), Not Encrypted, 2019-06-08 03:51:24
     552513L5,        System_I,            1143, LTO Ultrium-5,   Slot(F2,C6,R6),       Unknown, 2019-06-13 17:10:35
     552522L5,        System_I,            1063, LTO Ultrium-5, Slot(F2,C10,R21), Not Encrypted, 2019-06-09 21:42:55
     552523L5,        System_I,            1064, LTO Ultrium-5, Slot(F2,C10,R19), Not Encrypted, 2019-06-08 00:13:57
     552524L5,        System_I,            1066, LTO Ultrium-5, Slot(F2,C10,R18), Not Encrypted, 2019-06-08 15:01:45
     552525L5,        System_I,            1069, LTO Ultrium-5, Slot(F2,C10,R17),       Unknown, 2019-06-03 12:35:22
     552526L5,        System_I,            1070, LTO Ultrium-5, Slot(F2,C10,R16),       Unknown, 2019-06-03 12:35:06
