 550012   L5     *ACT   ULTRIUM5     6/02/18   6/01/28   6/16/19   CROWN                 *NONE                  SIN2
 550096   L5     *ACT   ULTRIUM5     6/16/19   7/14/19   6/17/19   CROWN                 *NONE                  CAM
 551152   L5     *ACT   ULTRIUM5     5/05/18   5/04/28   6/16/19   CROWN                 *NONE                  SIN2
 551398   L5     *ACT   ULTRIUM5     3/02/19   3/01/29   6/16/19   CROWN                 *NONE                  SIN2
 551435   L5     *ACT   ULTRIUM5     1/05/19   1/04/29   6/16/19   CROWN                 *NONE                  SIN2
 551560   L5     *ACT   ULTRIUM5     1/06/18   1/06/28   6/16/19   CROWN                 *NONE                  SIN2
 551678   L5     *ACT   ULTRIUM5     4/07/18   4/06/28   6/16/19   CROWN                 *NONE                  SIN2
 551690   L5     *ACT   ULTRIUM5     3/03/18   3/02/28   6/16/19   CROWN                 *NONE                  SIN2
 551720   L5     *ACT   ULTRIUM5     6/15/19   7/13/19   6/17/19   CROWN                 *NONE                  LAX1
 551783   L5     *ACT   ULTRIUM5     6/16/19   7/14/19   6/17/19   CROWN                 *NONE                  GDC
 551798   L5     *ACT   ULTRIUM5     4/06/19   4/05/29   6/16/19   CROWN                 *NONE                  SIN2
 551830   L5     *ACT   ULTRIUM5     2/03/18   2/03/28   6/16/19   CROWN                 *NONE                  SIN2
 551841   L5     *ACT   ULTRIUM5    11/03/18  11/02/28   6/16/19   CROWN                 *NONE                  SIN2
 551844   L5     *ACT   ULTRIUM5     7/07/18   7/06/28   6/16/19   CROWN                 *NONE                  SIN2
 551848   L5     *ACT   ULTRIUM5     6/16/19   7/14/19   6/17/19   CROWN                 *NONE                  CLUX
 551894   L5     *ACT   ULTRIUM5    10/06/18  10/05/28   6/16/19   CROWN                 *NONE                  SIN2
 551896   L5     *ACT   ULTRIUM5     6/15/19   7/13/19   6/17/19   CROWN                 *NONE                  SFO2
 551902   L5     *ACT   ULTRIUM5     6/17/19   7/15/19   6/17/19   CROWN                 *NONE                  DFSNZ1
 551974   L5     *ACT   ULTRIUM5    12/01/18  11/30/28   6/16/19   CROWN                 *NONE                  SIN2
 551976   L5     *ACT   ULTRIUM5     6/16/19   7/14/19   6/17/19   CROWN                 *NONE                  GVA
 551985   L5     *ACT   ULTRIUM5     6/15/19   7/14/19   6/17/19   CROWN                 *NONE                  PRC
 551986   L5     *ACT   ULTRIUM5     6/16/19   7/14/19   6/17/19   CROWN                 *NONE                  SIN2
 552046   L5     *ACT   ULTRIUM5     9/01/18   8/31/28   6/16/19   CROWN                 *NONE                  SIN2
 552067   L5     *ACT   ULTRIUM5     6/16/19   7/14/19   6/17/19   CROWN                 *NONE                  KOREA
 552078   L5     *ACT   ULTRIUM5     8/04/18   8/03/28   6/16/19   CROWN                 *NONE                  SIN2
 552098   L5     *ACT   ULTRIUM5     6/16/19   7/14/19   6/17/19   CROWN                 *NONE                  PAX1
 552109   L5     *ACT   ULTRIUM5     6/16/19   7/14/19   6/17/19   CROWN                 *NONE                  ITL
 552116   L5     *ACT   ULTRIUM5     6/16/19   7/14/19   6/17/19   CROWN                 *NONE                  GVA
 552131   L5     *ACT   ULTRIUM5     6/15/19   7/13/19   6/17/19   CROWN                 *NONE                  HNL
 552149   L5     *ACT   ULTRIUM5     6/16/19   7/14/19   6/17/19   CROWN                 *NONE                  CATS
 552179   L5     *ACT   ULTRIUM5     6/16/19   7/14/19   6/17/19   CROWN                 *NONE                  ITL
 552185   L5     *ACT   ULTRIUM5     6/16/19   7/14/19   6/17/19   CROWN                 *NONE                  INDO
 552196   L5     *ACT   ULTRIUM5     6/16/19   7/14/19   6/17/19   CROWN                 *NONE                  PAD1
 552224   L5     *ACT   ULTRIUM5    11/04/18  11/03/25   3/01/19   CROWN                 *NONE                  KOREA
 552282   L5     *ACT   ULTRIUM5     2/02/19   2/02/29   6/16/19   CROWN                 *NONE                  SIN2
 552304   L5     *ACT   ULTRIUM5     6/15/19   7/13/19   6/17/19   CROWN                 *NONE                  KSENV6U
 552305   L5     *ACT   ULTRIUM5     6/16/19   7/14/19   6/17/19   CROWN                 *NONE                  HKGA
 552322   L5     *ACT   ULTRIUM5     6/16/19   7/14/19   6/17/19   CROWN                 *NONE                  PRC
 552325   L5     *ACT   ULTRIUM5     6/15/19   7/13/19   6/17/19   CROWN                 *NONE                  SFO2
 552328   L5     *ACT   ULTRIUM5     6/16/19   7/14/19   6/17/19   CROWN                 *NONE                  SYD
 552329   L5     *ACT   ULTRIUM5     6/16/19   7/14/19   6/17/19   CROWN                 *NONE                  MIDEAST
 552350   L5     *ACT   ULTRIUM5     6/16/19   7/15/19   6/17/19   CROWN                 *NONE                  SFO
 552351   L5     *ACT   ULTRIUM5     5/04/19   5/03/29   6/16/19   CROWN                 *NONE                  SIN2
 552376   L5     *ACT   ULTRIUM5     6/16/19   7/14/19   6/17/19   CROWN                 *NONE                  MIDPAC
 552380   L5     *INZ   ULTRIUM5     2/23/19  *NONE      3/12/19   *HOME                 *NONE                  SFO
 552487   L5     *ACT   ULTRIUM5     4/15/19   4/14/20   4/15/19   LTO5DRT               *NONE                  SFOTEST
